<?xml version="1.0"?>
<testsuites tests="27" failures="2" name="K6 API Performance Tests">
<testsuite name="K6 Load Tests" tests="27" failures="2"><testcase name="get webhooks - http request duration - p(95)&lt;1000"><properties><property name="avg" value="0.00 ms" /><property name="min" value="0.00 ms" /><property name="med" value="0.00 ms" /><property name="max" value="0.00 ms" /><property name="p(90)" value="0.00 ms" /><property name="p(95)" value="0.00 ms" /></properties></testcase>
<testcase name="get resource allocations - http request duration - p(95)&lt;1000"><properties><property name="min" value="0.00 ms" /><property name="med" value="0.00 ms" /><property name="max" value="0.00 ms" /><property name="p(90)" value="0.00 ms" /><property name="p(95)" value="0.00 ms" /><property name="avg" value="0.00 ms" /></properties></testcase>
<testcase name="get agents - http request duration - p(95)&lt;1000"><properties><property name="min" value="10.41 ms" /><property name="med" value="15.10 ms" /><property name="max" value="19.78 ms" /><property name="p(90)" value="18.84 ms" /><property name="p(95)" value="19.31 ms" /><property name="avg" value="15.10 ms" /></properties></testcase>
<testcase name="get master configuration - http request duration - p(95)&lt;1000"><properties><property name="avg" value="1.16 ms" /><property name="min" value="0.42 ms" /><property name="med" value="1.16 ms" /><property name="max" value="1.90 ms" /><property name="p(90)" value="1.75 ms" /><property name="p(95)" value="1.83 ms" /></properties></testcase>
<testcase name="get models - http request duration - p(95)&lt;1000"><properties><property name="min" value="0.00 ms" /><property name="med" value="0.00 ms" /><property name="max" value="0.00 ms" /><property name="p(90)" value="0.00 ms" /><property name="p(95)" value="0.00 ms" /><property name="avg" value="0.00 ms" /></properties></testcase>
<testcase name="login - http request duration - p(95)&lt;1000"><failure message="failed" /><properties><property name="min" value="2086.84 ms" /><property name="med" value="2086.84 ms" /><property name="max" value="2086.84 ms" /><property name="p(90)" value="2086.84 ms" /><property name="p(95)" value="2086.84 ms" /><property name="avg" value="2086.84 ms" /></properties></testcase>
<testcase name="get workspace bindings - http request duration - p(95)&lt;1000"><properties><property name="p(95)" value="0.00 ms" /><property name="avg" value="0.00 ms" /><property name="min" value="0.00 ms" /><property name="med" value="0.00 ms" /><property name="max" value="0.00 ms" /><property name="p(90)" value="0.00 ms" /></properties></testcase>
<testcase name="get tasks - http request duration - p(95)&lt;1000"><properties><property name="p(90)" value="0.00 ms" /><property name="p(95)" value="0.00 ms" /><property name="avg" value="0.00 ms" /><property name="min" value="0.00 ms" /><property name="med" value="0.00 ms" /><property name="max" value="0.00 ms" /></properties></testcase>
<testcase name="get workspaces - http request duration - p(95)&lt;1000"><properties><property name="min" value="23.88 ms" /><property name="med" value="41.43 ms" /><property name="max" value="58.98 ms" /><property name="p(90)" value="55.47 ms" /><property name="p(95)" value="57.23 ms" /><property name="avg" value="41.43 ms" /></properties></testcase>
<testcase name="get resource pools - http request duration - p(95)&lt;1000"><properties><property name="avg" value="4.52 ms" /><property name="min" value="4.27 ms" /><property name="med" value="4.52 ms" /><property name="max" value="4.76 ms" /><property name="p(90)" value="4.71 ms" /><property name="p(95)" value="4.74 ms" /></properties></testcase>
<testcase name="get model labels - http request duration - p(95)&lt;1000"><properties><property name="avg" value="0.00 ms" /><property name="min" value="0.00 ms" /><property name="med" value="0.00 ms" /><property name="max" value="0.00 ms" /><property name="p(90)" value="0.00 ms" /><property name="p(95)" value="0.00 ms" /></properties></testcase>
<testcase name="get telemetry - http request duration - p(95)&lt;1000"><properties><property name="min" value="0.00 ms" /><property name="med" value="0.00 ms" /><property name="max" value="0.00 ms" /><property name="p(90)" value="0.00 ms" /><property name="p(95)" value="0.00 ms" /><property name="avg" value="0.00 ms" /></properties></testcase>
<testcase name="get experiments - http request duration - p(95)&lt;1000"><properties><property name="med" value="0.00 ms" /><property name="max" value="0.00 ms" /><property name="p(90)" value="0.00 ms" /><property name="p(95)" value="0.00 ms" /><property name="avg" value="0.00 ms" /><property name="min" value="0.00 ms" /></properties></testcase>
<testcase name="get user activity - http request duration - p(95)&lt;1000"><properties><property name="avg" value="0.00 ms" /><property name="min" value="0.00 ms" /><property name="med" value="0.00 ms" /><property name="max" value="0.00 ms" /><property name="p(90)" value="0.00 ms" /><property name="p(95)" value="0.00 ms" /></properties></testcase>
<testcase name="get user settings - http request duration - p(95)&lt;1000"><properties><property name="med" value="7.54 ms" /><property name="max" value="7.71 ms" /><property name="p(90)" value="7.68 ms" /><property name="p(95)" value="7.69 ms" /><property name="avg" value="7.54 ms" /><property name="min" value="7.37 ms" /></properties></testcase>
<testcase name="get job queue stats - http request duration - p(95)&lt;1000"><properties><property name="min" value="0.00 ms" /><property name="med" value="0.00 ms" /><property name="max" value="0.00 ms" /><property name="p(90)" value="0.00 ms" /><property name="p(95)" value="0.00 ms" /><property name="avg" value="0.00 ms" /></properties></testcase>
<testcase name="get shells - http request duration - p(95)&lt;1000"><properties><property name="p(95)" value="0.00 ms" /><property name="avg" value="0.00 ms" /><property name="min" value="0.00 ms" /><property name="med" value="0.00 ms" /><property name="max" value="0.00 ms" /><property name="p(90)" value="0.00 ms" /></properties></testcase>
<testcase name="get tensorboards - http request duration - p(95)&lt;1000"><properties><property name="max" value="0.00 ms" /><property name="p(90)" value="0.00 ms" /><property name="p(95)" value="0.00 ms" /><property name="avg" value="0.00 ms" /><property name="min" value="0.00 ms" /><property name="med" value="0.00 ms" /></properties></testcase>
<testcase name="get v2 job queue - http request duration - p(95)&lt;1000"><properties><property name="p(90)" value="0.00 ms" /><property name="p(95)" value="0.00 ms" /><property name="avg" value="0.00 ms" /><property name="min" value="0.00 ms" /><property name="med" value="0.00 ms" /><property name="max" value="0.00 ms" /></properties></testcase>
<testcase name="get users - http request duration - p(95)&lt;1000"><properties><property name="med" value="4.09 ms" /><property name="max" value="4.94 ms" /><property name="p(90)" value="4.77 ms" /><property name="p(95)" value="4.86 ms" /><property name="avg" value="4.09 ms" /><property name="min" value="3.24 ms" /></properties></testcase>
<testcase name="get notebooks - http request duration - p(95)&lt;1000"><properties><property name="avg" value="0.00 ms" /><property name="min" value="0.00 ms" /><property name="med" value="0.00 ms" /><property name="max" value="0.00 ms" /><property name="p(90)" value="0.00 ms" /><property name="p(95)" value="0.00 ms" /></properties></testcase>
<testcase name="get commands - http request duration - p(95)&lt;1000"><properties><property name="min" value="0.00 ms" /><property name="med" value="0.00 ms" /><property name="max" value="0.00 ms" /><property name="p(90)" value="0.00 ms" /><property name="p(95)" value="0.00 ms" /><property name="avg" value="0.00 ms" /></properties></testcase>
<testcase name="get project columns - http request duration - p(95)&lt;1000"><properties><property name="min" value="0.00 ms" /><property name="med" value="0.00 ms" /><property name="max" value="0.00 ms" /><property name="p(90)" value="0.00 ms" /><property name="p(95)" value="0.00 ms" /><property name="avg" value="0.00 ms" /></properties></testcase>
<testcase name="get master logs - http request duration - p(95)&lt;1000"><properties><property name="p(95)" value="0.00 ms" /><property name="avg" value="0.00 ms" /><property name="min" value="0.00 ms" /><property name="med" value="0.00 ms" /><property name="max" value="0.00 ms" /><property name="p(90)" value="0.00 ms" /></properties></testcase>
<testcase name="http_req_duration - p(95)&lt;1000"><failure message="failed" /><properties><property name="max" value="2089.53 ms" /><property name="p(90)" value="1072.91 ms" /><property name="p(95)" value="2087.51 ms" /><property name="avg" value="271.28 ms" /><property name="min" value="0.42 ms" /><property name="med" value="7.54 ms" /></properties></testcase>
<testcase name="http_req_failed - rate&lt;0.05">undefined</testcase>
<testcase name="get task count - http request duration - p(95)&lt;1000"><properties><property name="avg" value="0.00 ms" /><property name="min" value="0.00 ms" /><property name="med" value="0.00 ms" /><property name="max" value="0.00 ms" /><property name="p(90)" value="0.00 ms" /><property name="p(95)" value="0.00 ms" /></properties></testcase>
</testsuite >
</testsuites >