<?xml version="1.0"?>
<testsuites tests="27" failures="6" name="K6 API Performance Tests">
<testsuite name="K6 Load Tests" tests="27" failures="6"><testcase name="get agents - http request duration - p(95)&lt;1000"><properties><property name="avg" value="260.01 ms" /><property name="min" value="5.18 ms" /><property name="med" value="79.94 ms" /><property name="max" value="1379.19 ms" /><property name="p(90)" value="763.26 ms" /><property name="p(95)" value="849.89 ms" /></properties></testcase>
<testcase name="get tasks - http request duration - p(95)&lt;1000"><properties><property name="med" value="10.55 ms" /><property name="max" value="338.61 ms" /><property name="p(90)" value="40.50 ms" /><property name="p(95)" value="48.17 ms" /><property name="avg" value="27.76 ms" /><property name="min" value="2.29 ms" /></properties></testcase>
<testcase name="http_req_failed - rate&lt;0.05">undefined</testcase>
<testcase name="get telemetry - http request duration - p(95)&lt;1000"><properties><property name="avg" value="0.52 ms" /><property name="min" value="0.25 ms" /><property name="med" value="0.56 ms" /><property name="max" value="0.82 ms" /><property name="p(90)" value="0.67 ms" /><property name="p(95)" value="0.75 ms" /></properties></testcase>
<testcase name="http_req_duration - p(95)&lt;1000"><failure message="failed" /><properties><property name="avg" value="590.73 ms" /><property name="min" value="0.25 ms" /><property name="med" value="68.82 ms" /><property name="max" value="14892.68 ms" /><property name="p(90)" value="1043.93 ms" /><property name="p(95)" value="2560.39 ms" /></properties></testcase>
<testcase name="get tensorboards - http request duration - p(95)&lt;1000"><properties><property name="avg" value="63.94 ms" /><property name="min" value="3.23 ms" /><property name="med" value="29.90 ms" /><property name="max" value="300.50 ms" /><property name="p(90)" value="187.16 ms" /><property name="p(95)" value="200.74 ms" /></properties></testcase>
<testcase name="get models - http request duration - p(95)&lt;1000"><failure message="failed" /><properties><property name="avg" value="292.66 ms" /><property name="min" value="17.01 ms" /><property name="med" value="140.32 ms" /><property name="max" value="1584.81 ms" /><property name="p(90)" value="594.39 ms" /><property name="p(95)" value="1262.25 ms" /></properties></testcase>
<testcase name="get webhooks - http request duration - p(95)&lt;1000"><properties><property name="max" value="229.42 ms" /><property name="p(90)" value="166.35 ms" /><property name="p(95)" value="216.08 ms" /><property name="avg" value="62.41 ms" /><property name="min" value="7.62 ms" /><property name="med" value="37.21 ms" /></properties></testcase>
<testcase name="get v2 job queue - http request duration - p(95)&lt;1000"><properties><property name="p(95)" value="748.51 ms" /><property name="avg" value="231.15 ms" /><property name="min" value="6.43 ms" /><property name="med" value="139.24 ms" /><property name="max" value="980.50 ms" /><property name="p(90)" value="628.19 ms" /></properties></testcase>
<testcase name="get commands - http request duration - p(95)&lt;1000"><failure message="failed" /><properties><property name="avg" value="201.20 ms" /><property name="min" value="2.64 ms" /><property name="med" value="29.59 ms" /><property name="max" value="1712.19 ms" /><property name="p(90)" value="620.32 ms" /><property name="p(95)" value="1411.45 ms" /></properties></testcase>
<testcase name="get users - http request duration - p(95)&lt;1000"><failure message="failed" /><properties><property name="avg" value="180.59 ms" /><property name="min" value="3.16 ms" /><property name="med" value="56.91 ms" /><property name="max" value="1360.94 ms" /><property name="p(90)" value="331.41 ms" /><property name="p(95)" value="1078.60 ms" /></properties></testcase>
<testcase name="get master logs - http request duration - p(95)&lt;1000"><properties><property name="avg" value="35.71 ms" /><property name="min" value="3.80 ms" /><property name="med" value="26.27 ms" /><property name="max" value="124.91 ms" /><property name="p(90)" value="63.54 ms" /><property name="p(95)" value="72.67 ms" /></properties></testcase>
<testcase name="get workspaces - http request duration - p(95)&lt;1000"><properties><property name="p(95)" value="711.31 ms" /><property name="avg" value="236.10 ms" /><property name="min" value="17.04 ms" /><property name="med" value="134.21 ms" /><property name="max" value="1253.80 ms" /><property name="p(90)" value="582.37 ms" /></properties></testcase>
<testcase name="get project columns - http request duration - p(95)&lt;1000"><failure message="failed" /><properties><property name="max" value="14892.68 ms" /><property name="p(90)" value="14305.60 ms" /><property name="p(95)" value="14336.15 ms" /><property name="avg" value="10847.93 ms" /><property name="min" value="5148.00 ms" /><property name="med" value="12462.08 ms" /></properties></testcase>
<testcase name="get user settings - http request duration - p(95)&lt;1000"><properties><property name="p(90)" value="151.25 ms" /><property name="p(95)" value="243.84 ms" /><property name="avg" value="88.80 ms" /><property name="min" value="3.98 ms" /><property name="med" value="65.59 ms" /><property name="max" value="549.28 ms" /></properties></testcase>
<testcase name="get master configuration - http request duration - p(95)&lt;1000"><properties><property name="p(90)" value="48.60 ms" /><property name="p(95)" value="53.62 ms" /><property name="avg" value="9.72 ms" /><property name="min" value="0.51 ms" /><property name="med" value="1.02 ms" /><property name="max" value="70.15 ms" /></properties></testcase>
<testcase name="get model labels - http request duration - p(95)&lt;1000"><properties><property name="avg" value="76.86 ms" /><property name="min" value="5.10 ms" /><property name="med" value="29.28 ms" /><property name="max" value="505.05 ms" /><property name="p(90)" value="180.53 ms" /><property name="p(95)" value="184.55 ms" /></properties></testcase>
<testcase name="get notebooks - http request duration - p(95)&lt;1000"><properties><property name="min" value="6.45 ms" /><property name="med" value="29.34 ms" /><property name="max" value="208.40 ms" /><property name="p(90)" value="142.10 ms" /><property name="p(95)" value="150.70 ms" /><property name="avg" value="54.67 ms" /></properties></testcase>
<testcase name="login - http request duration - p(95)&lt;1000"><failure message="failed" /><properties><property name="avg" value="3119.72 ms" /><property name="min" value="2388.75 ms" /><property name="med" value="3059.41 ms" /><property name="max" value="4232.31 ms" /><property name="p(90)" value="3878.37 ms" /><property name="p(95)" value="3892.98 ms" /></properties></testcase>
<testcase name="get experiments - http request duration - p(95)&lt;1000"><properties><property name="p(95)" value="738.33 ms" /><property name="avg" value="470.69 ms" /><property name="min" value="86.28 ms" /><property name="med" value="467.59 ms" /><property name="max" value="1027.91 ms" /><property name="p(90)" value="642.05 ms" /></properties></testcase>
<testcase name="get task count - http request duration - p(95)&lt;1000"><properties><property name="p(95)" value="34.02 ms" /><property name="avg" value="13.86 ms" /><property name="min" value="1.56 ms" /><property name="med" value="11.27 ms" /><property name="max" value="51.98 ms" /><property name="p(90)" value="27.77 ms" /></properties></testcase>
<testcase name="get job queue stats - http request duration - p(95)&lt;1000"><properties><property name="avg" value="254.42 ms" /><property name="min" value="19.91 ms" /><property name="med" value="222.93 ms" /><property name="max" value="785.80 ms" /><property name="p(90)" value="476.50 ms" /><property name="p(95)" value="594.10 ms" /></properties></testcase>
<testcase name="get resource pools - http request duration - p(95)&lt;1000"><properties><property name="avg" value="172.72 ms" /><property name="min" value="3.54 ms" /><property name="med" value="55.28 ms" /><property name="max" value="1053.66 ms" /><property name="p(90)" value="442.07 ms" /><property name="p(95)" value="568.35 ms" /></properties></testcase>
<testcase name="get shells - http request duration - p(95)&lt;1000"><properties><property name="avg" value="76.58 ms" /><property name="min" value="6.70 ms" /><property name="med" value="44.50 ms" /><property name="max" value="319.04 ms" /><property name="p(90)" value="168.06 ms" /><property name="p(95)" value="218.20 ms" /></properties></testcase>
<testcase name="get user activity - http request duration - p(95)&lt;1000"><properties><property name="avg" value="206.62 ms" /><property name="min" value="6.18 ms" /><property name="med" value="78.91 ms" /><property name="max" value="1257.86 ms" /><property name="p(90)" value="619.38 ms" /><property name="p(95)" value="965.43 ms" /></properties></testcase>
<testcase name="get workspace bindings - http request duration - p(95)&lt;1000"><properties><property name="max" value="707.64 ms" /><property name="p(90)" value="316.65 ms" /><property name="p(95)" value="439.42 ms" /><property name="avg" value="136.66 ms" /><property name="min" value="2.83 ms" /><property name="med" value="43.64 ms" /></properties></testcase>
<testcase name="get resource allocations - http request duration - p(95)&lt;1000"><properties><property name="p(90)" value="202.62 ms" /><property name="p(95)" value="218.85 ms" /><property name="avg" value="112.50 ms" /><property name="min" value="26.45 ms" /><property name="med" value="89.47 ms" /><property name="max" value="287.09 ms" /></properties></testcase>
</testsuite >
</testsuites >