<?xml version="1.0"?>
<testsuites tests="27" failures="3" name="K6 API Performance Tests">
<testsuite name="K6 Load Tests" tests="27" failures="3"><testcase name="get tasks - http request duration - p(95)&lt;1000"><properties><property name="avg" value="2.25 ms" /><property name="min" value="2.22 ms" /><property name="med" value="2.25 ms" /><property name="max" value="2.27 ms" /><property name="p(90)" value="2.27 ms" /><property name="p(95)" value="2.27 ms" /></properties></testcase>
<testcase name="get v2 job queue - http request duration - p(95)&lt;1000"><properties><property name="avg" value="1.84 ms" /><property name="min" value="1.83 ms" /><property name="med" value="1.84 ms" /><property name="max" value="1.85 ms" /><property name="p(90)" value="1.85 ms" /><property name="p(95)" value="1.85 ms" /></properties></testcase>
<testcase name="get webhooks - http request duration - p(95)&lt;1000"><properties><property name="max" value="4.87 ms" /><property name="p(90)" value="4.68 ms" /><property name="p(95)" value="4.78 ms" /><property name="avg" value="3.94 ms" /><property name="min" value="3.02 ms" /><property name="med" value="3.94 ms" /></properties></testcase>
<testcase name="get resource pools - http request duration - p(95)&lt;1000"><properties><property name="max" value="5.96 ms" /><property name="p(90)" value="5.86 ms" /><property name="p(95)" value="5.91 ms" /><property name="avg" value="5.24 ms" /><property name="min" value="4.29 ms" /><property name="med" value="5.46 ms" /></properties></testcase>
<testcase name="get notebooks - http request duration - p(95)&lt;1000"><properties><property name="avg" value="3.27 ms" /><property name="min" value="3.05 ms" /><property name="med" value="3.27 ms" /><property name="max" value="3.49 ms" /><property name="p(90)" value="3.45 ms" /><property name="p(95)" value="3.47 ms" /></properties></testcase>
<testcase name="get resource allocations - http request duration - p(95)&lt;1000"><properties><property name="min" value="27.02 ms" /><property name="med" value="27.16 ms" /><property name="max" value="27.31 ms" /><property name="p(90)" value="27.28 ms" /><property name="p(95)" value="27.29 ms" /><property name="avg" value="27.16 ms" /></properties></testcase>
<testcase name="get experiments - http request duration - p(95)&lt;1000"><properties><property name="avg" value="79.79 ms" /><property name="min" value="79.12 ms" /><property name="med" value="79.79 ms" /><property name="max" value="80.45 ms" /><property name="p(90)" value="80.32 ms" /><property name="p(95)" value="80.38 ms" /></properties></testcase>
<testcase name="http_req_failed - rate&lt;0.05">undefined</testcase>
<testcase name="get telemetry - http request duration - p(95)&lt;1000"><properties><property name="min" value="0.36 ms" /><property name="med" value="0.40 ms" /><property name="max" value="0.44 ms" /><property name="p(90)" value="0.44 ms" /><property name="p(95)" value="0.44 ms" /><property name="avg" value="0.40 ms" /></properties></testcase>
<testcase name="get job queue stats - http request duration - p(95)&lt;1000"><properties><property name="avg" value="21.05 ms" /><property name="min" value="4.80 ms" /><property name="med" value="21.05 ms" /><property name="max" value="37.30 ms" /><property name="p(90)" value="34.05 ms" /><property name="p(95)" value="35.68 ms" /></properties></testcase>
<testcase name="get shells - http request duration - p(95)&lt;1000"><properties><property name="med" value="3.97 ms" /><property name="max" value="4.68 ms" /><property name="p(90)" value="4.54 ms" /><property name="p(95)" value="4.61 ms" /><property name="avg" value="3.97 ms" /><property name="min" value="3.26 ms" /></properties></testcase>
<testcase name="get workspaces - http request duration - p(95)&lt;1000"><properties><property name="avg" value="33.57 ms" /><property name="min" value="25.22 ms" /><property name="med" value="33.16 ms" /><property name="max" value="42.33 ms" /><property name="p(90)" value="40.50 ms" /><property name="p(95)" value="41.41 ms" /></properties></testcase>
<testcase name="get project columns - http request duration - p(95)&lt;1000"><failure message="failed" /><properties><property name="avg" value="1428.35 ms" /><property name="min" value="1412.92 ms" /><property name="med" value="1428.35 ms" /><property name="max" value="1443.78 ms" /><property name="p(90)" value="1440.70 ms" /><property name="p(95)" value="1442.24 ms" /></properties></testcase>
<testcase name="get user settings - http request duration - p(95)&lt;1000"><properties><property name="p(95)" value="7.80 ms" /><property name="avg" value="7.17 ms" /><property name="min" value="6.48 ms" /><property name="med" value="7.15 ms" /><property name="max" value="7.87 ms" /><property name="p(90)" value="7.73 ms" /></properties></testcase>
<testcase name="get task count - http request duration - p(95)&lt;1000"><properties><property name="max" value="2.24 ms" /><property name="p(90)" value="2.24 ms" /><property name="p(95)" value="2.24 ms" /><property name="avg" value="2.22 ms" /><property name="min" value="2.20 ms" /><property name="med" value="2.22 ms" /></properties></testcase>
<testcase name="get user activity - http request duration - p(95)&lt;1000"><properties><property name="max" value="6.15 ms" /><property name="p(90)" value="5.84 ms" /><property name="p(95)" value="6.00 ms" /><property name="avg" value="4.60 ms" /><property name="min" value="3.06 ms" /><property name="med" value="4.60 ms" /></properties></testcase>
<testcase name="http_req_duration - p(95)&lt;1000"><failure message="failed" /><properties><property name="p(90)" value="79.39 ms" /><property name="p(95)" value="1416.01 ms" /><property name="avg" value="127.23 ms" /><property name="min" value="0.36 ms" /><property name="med" value="5.21 ms" /><property name="max" value="2138.20 ms" /></properties></testcase>
<testcase name="get model labels - http request duration - p(95)&lt;1000"><properties><property name="avg" value="3.88 ms" /><property name="min" value="3.40 ms" /><property name="med" value="3.88 ms" /><property name="max" value="4.37 ms" /><property name="p(90)" value="4.27 ms" /><property name="p(95)" value="4.32 ms" /></properties></testcase>
<testcase name="get tensorboards - http request duration - p(95)&lt;1000"><properties><property name="avg" value="3.21 ms" /><property name="min" value="2.94 ms" /><property name="med" value="3.21 ms" /><property name="max" value="3.48 ms" /><property name="p(90)" value="3.43 ms" /><property name="p(95)" value="3.45 ms" /></properties></testcase>
<testcase name="get agents - http request duration - p(95)&lt;1000"><properties><property name="avg" value="11.63 ms" /><property name="min" value="6.15 ms" /><property name="med" value="11.12 ms" /><property name="max" value="17.64 ms" /><property name="p(90)" value="16.33 ms" /><property name="p(95)" value="16.98 ms" /></properties></testcase>
<testcase name="get models - http request duration - p(95)&lt;1000"><properties><property name="p(90)" value="10.10 ms" /><property name="p(95)" value="10.44 ms" /><property name="avg" value="7.40 ms" /><property name="min" value="4.02 ms" /><property name="med" value="7.40 ms" /><property name="max" value="10.78 ms" /></properties></testcase>
<testcase name="get master logs - http request duration - p(95)&lt;1000"><properties><property name="med" value="5.11 ms" /><property name="max" value="5.21 ms" /><property name="p(90)" value="5.19 ms" /><property name="p(95)" value="5.20 ms" /><property name="avg" value="5.11 ms" /><property name="min" value="5.00 ms" /></properties></testcase>
<testcase name="get commands - http request duration - p(95)&lt;1000"><properties><property name="avg" value="2.53 ms" /><property name="min" value="2.42 ms" /><property name="med" value="2.53 ms" /><property name="max" value="2.63 ms" /><property name="p(90)" value="2.61 ms" /><property name="p(95)" value="2.62 ms" /></properties></testcase>
<testcase name="get users - http request duration - p(95)&lt;1000"><properties><property name="avg" value="4.86 ms" /><property name="min" value="4.83 ms" /><property name="med" value="4.83 ms" /><property name="max" value="4.93 ms" /><property name="p(90)" value="4.91 ms" /><property name="p(95)" value="4.92 ms" /></properties></testcase>
<testcase name="login - http request duration - p(95)&lt;1000"><failure message="failed" /><properties><property name="p(90)" value="2106.58 ms" /><property name="p(95)" value="2108.08 ms" /><property name="avg" value="2094.58 ms" /><property name="min" value="2079.59 ms" /><property name="med" value="2094.58 ms" /><property name="max" value="2109.58 ms" /></properties></testcase>
<testcase name="get master configuration - http request duration - p(95)&lt;1000"><properties><property name="p(90)" value="2.00 ms" /><property name="p(95)" value="2.03 ms" /><property name="avg" value="1.41 ms" /><property name="min" value="0.41 ms" /><property name="med" value="1.75 ms" /><property name="max" value="2.06 ms" /></properties></testcase>
<testcase name="get workspace bindings - http request duration - p(95)&lt;1000"><properties><property name="p(90)" value="4.79 ms" /><property name="p(95)" value="4.83 ms" /><property name="avg" value="3.98 ms" /><property name="min" value="2.54 ms" /><property name="med" value="4.54 ms" /><property name="max" value="4.86 ms" /></properties></testcase>
</testsuite >
</testsuites >